#
# There is insufficient memory for the Java Runtime Environment to continue.
# Native memory allocation (malloc) failed to allocate 269136 bytes for Chunk::new
# Possible reasons:
#   The system is out of physical RAM or swap space
#   The process is running with CompressedOops enabled, and the Java Heap may be blocking the growth of the native heap
# Possible solutions:
#   Reduce memory load on the system
#   Increase physical memory or swap space
#   Check if swap backing store is full
#   Decrease Java heap size (-Xmx/-Xms)
#   Decrease number of Java threads
#   Decrease Java thread stack sizes (-Xss)
#   Set larger code cache with -XX:ReservedCodeCacheSize=
#   JVM is running with Unscaled Compressed Oops mode in which the Java heap is
#     placed in the first 4GB address space. The Java Heap base address is the
#     maximum limit for the native heap growth. Please use -XX:HeapBaseMinAddress
#     to set the Java Heap base and to place the Java Heap above 4GB virtual address.
# This output file may be truncated or incomplete.
#
#  Out of Memory Error (allocation.cpp:389), pid=35712, tid=0x0000000000007440
#
# JRE version: Java(TM) SE Runtime Environment (8.0_251-b08) (build 1.8.0_251-b08)
# Java VM: Java HotSpot(TM) 64-Bit Server VM (25.251-b08 mixed mode windows-amd64 compressed oops)
# Failed to write core dump. Minidumps are not enabled by default on client versions of Windows
#

---------------  T H R E A D  ---------------

Current thread (0x00000000166bb000):  JavaThread "C2 CompilerThread0" daemon [_thread_in_native, id=29760, stack(0x0000000016d20000,0x0000000016e20000)]

Stack: [0x0000000016d20000,0x0000000016e20000]
[error occurred during error reporting (printing stack bounds), id 0xc0000005]

Native frames: (J=compiled Java code, j=interpreted, Vv=VM code, C=native code)


Current CompileTask:
C2:   1508 1817       4       java.io.WinNTFileSystem::normalize (143 bytes)


---------------  P R O C E S S  ---------------

Java Threads: ( => current thread )
  0x000000001922a800 JavaThread "AsyncHttpClient-1-1" daemon [_thread_blocked, id=25552, stack(0x000000001a4e0000,0x000000001a5e0000)]
  0x00000000181e2800 JavaThread "ForkJoinPool.commonPool-worker-1" daemon [_thread_blocked, id=37612, stack(0x0000000018ff0000,0x00000000190f0000)]
  0x0000000017edf800 JavaThread "/127.0.0.1:11526 to /127.0.0.1:11525 workers Thread 3" [_thread_in_native, id=15324, stack(0x0000000018cf0000,0x0000000018df0000)]
  0x0000000017ede800 JavaThread "/127.0.0.1:11526 to /127.0.0.1:11525 workers Thread 2" [_thread_blocked, id=36836, stack(0x0000000018bf0000,0x0000000018cf0000)]
  0x0000000017cfc000 JavaThread "/127.0.0.1:11526 to /127.0.0.1:11525 workers" [_thread_blocked, id=32548, stack(0x0000000018af0000,0x0000000018bf0000)]
  0x000000001674e000 JavaThread "Service Thread" daemon [_thread_blocked, id=39652, stack(0x0000000017020000,0x0000000017120000)]
  0x00000000166c7800 JavaThread "C1 CompilerThread2" daemon [_thread_blocked, id=5996, stack(0x0000000016f20000,0x0000000017020000)]
  0x00000000166bd000 JavaThread "C2 CompilerThread1" daemon [_thread_blocked, id=25388, stack(0x0000000016e20000,0x0000000016f20000)]
=>0x00000000166bb000 JavaThread "C2 CompilerThread0" daemon [_thread_in_native, id=29760, stack(0x0000000016d20000,0x0000000016e20000)]
  0x00000000166b6800 JavaThread "Attach Listener" daemon [_thread_blocked, id=35044, stack(0x0000000016c20000,0x0000000016d20000)]
  0x00000000166b5800 JavaThread "Signal Dispatcher" daemon [_thread_blocked, id=14048, stack(0x0000000016b20000,0x0000000016c20000)]
  0x000000000358c800 JavaThread "Finalizer" daemon [_thread_blocked, id=20920, stack(0x00000000164b0000,0x00000000165b0000)]
  0x0000000014c2c800 JavaThread "Reference Handler" daemon [_thread_blocked, id=39792, stack(0x00000000163b0000,0x00000000164b0000)]
  0x0000000003492800 JavaThread "Test worker" [_thread_in_Java, id=14260, stack(0x0000000003010000,0x0000000003110000)]

Other Threads:
  0x0000000014c08000 VMThread [stack: 0x00000000162b0000,0x00000000163b0000] [id=35648]
  0x000000001679d000 WatcherThread [stack: 0x0000000017120000,0x0000000017220000] [id=19940]

VM state:not at safepoint (normal execution)

VM Mutex/Monitor currently owned by a thread: None

heap address: 0x00000000e0000000, size: 512 MB, Compressed Oops mode: 32-bit
Narrow klass base: 0x0000000000000000, Narrow klass shift: 3
Compressed class space size: 1073741824 Address: 0x0000000100000000

Heap:
 PSYoungGen      total 76288K, used 71720K [0x00000000f5580000, 0x00000000faa80000, 0x0000000100000000)
  eden space 65536K, 95% used [0x00000000f5580000,0x00000000f92885c8,0x00000000f9580000)
  from space 10752K, 85% used [0x00000000f9580000,0x00000000f9e81dc8,0x00000000fa000000)
  to   space 10752K, 0% used [0x00000000fa000000,0x00000000fa000000,0x00000000faa80000)
 ParOldGen       total 175104K, used 24K [0x00000000e0000000, 0x00000000eab00000, 0x00000000f5580000)
  object space 175104K, 0% used [0x00000000e0000000,0x00000000e0006000,0x00000000eab00000)
 Metaspace       used 19762K, capacity 20944K, committed 21120K, reserved 1067008K
  class space    used 2627K, capacity 2920K, committed 2944K, reserved 1048576K

Card table byte_map: [0x00000000129a0000,0x0000000012ab0000] byte_map_base: 0x00000000122a0000

Marking Bits: (ParMarkBitMap*) 0x000000005200af90
 Begin Bits: [0x0000000013160000, 0x0000000013960000)
 End Bits:   [0x0000000013960000, 0x0000000014160000)

Polling page: 0x00000000017d0000

CodeCache: size=245760Kb used=6506Kb max_used=6506Kb free=239253Kb
 bounds [0x00000000035e0000, 0x0000000003c40000, 0x00000000125e0000]
 total_blobs=2279 nmethods=1846 adapters=345
 compilation: enabled

Compilation events (10 events):
Event: 1.500 Thread 0x00000000166c7800 1844       3       java.lang.StringCoding::scale (7 bytes)
Event: 1.500 Thread 0x00000000166c7800 nmethod 1844 0x0000000003c3cbd0 code [0x0000000003c3cd20, 0x0000000003c3ce90]
Event: 1.500 Thread 0x00000000166c7800 1845       3       java.lang.StringCoding::safeTrim (24 bytes)
Event: 1.500 Thread 0x00000000166c7800 nmethod 1845 0x0000000003c3cf10 code [0x0000000003c3d0a0, 0x0000000003c3d568]
Event: 1.502 Thread 0x00000000166c7800 1846       3       java.util.concurrent.CopyOnWriteArrayList::size (6 bytes)
Event: 1.502 Thread 0x00000000166c7800 nmethod 1846 0x0000000003c3d710 code [0x0000000003c3d860, 0x0000000003c3da50]
Event: 1.502 Thread 0x00000000166c7800 1847       3       java.util.concurrent.locks.ReentrantLock::lock (8 bytes)
Event: 1.502 Thread 0x00000000166c7800 nmethod 1847 0x0000000003c3db10 code [0x0000000003c3dc80, 0x0000000003c3dea8]
Event: 1.506 Thread 0x00000000166c7800 1848       3       ch.qos.logback.classic.util.LoggerNameUtil::getSeparatorIndexOf (53 bytes)
Event: 1.506 Thread 0x00000000166c7800 nmethod 1848 0x0000000003c3df50 code [0x0000000003c3e0e0, 0x0000000003c3e4f8]

GC Heap History (2 events):
Event: 1.003 GC heap before
{Heap before GC invocations=1 (full 0):
 PSYoungGen      total 76288K, used 65536K [0x00000000f5580000, 0x00000000faa80000, 0x0000000100000000)
  eden space 65536K, 100% used [0x00000000f5580000,0x00000000f9580000,0x00000000f9580000)
  from space 10752K, 0% used [0x00000000fa000000,0x00000000fa000000,0x00000000faa80000)
  to   space 10752K, 0% used [0x00000000f9580000,0x00000000f9580000,0x00000000fa000000)
 ParOldGen       total 175104K, used 0K [0x00000000e0000000, 0x00000000eab00000, 0x00000000f5580000)
  object space 175104K, 0% used [0x00000000e0000000,0x00000000e0000000,0x00000000eab00000)
 Metaspace       used 13445K, capacity 14588K, committed 14720K, reserved 1062912K
  class space    used 1843K, capacity 2116K, committed 2176K, reserved 1048576K
Event: 1.010 GC heap after
Heap after GC invocations=1 (full 0):
 PSYoungGen      total 76288K, used 9223K [0x00000000f5580000, 0x00000000faa80000, 0x0000000100000000)
  eden space 65536K, 0% used [0x00000000f5580000,0x00000000f5580000,0x00000000f9580000)
  from space 10752K, 85% used [0x00000000f9580000,0x00000000f9e81dc8,0x00000000fa000000)
  to   space 10752K, 0% used [0x00000000fa000000,0x00000000fa000000,0x00000000faa80000)
 ParOldGen       total 175104K, used 24K [0x00000000e0000000, 0x00000000eab00000, 0x00000000f5580000)
  object space 175104K, 0% used [0x00000000e0000000,0x00000000e0006000,0x00000000eab00000)
 Metaspace       used 13445K, capacity 14588K, committed 14720K, reserved 1062912K
  class space    used 1843K, capacity 2116K, committed 2176K, reserved 1048576K
}

Deoptimization events (10 events):
Event: 1.097 Thread 0x0000000003492800 Uncommon trap: reason=unstable_if action=reinterpret pc=0x0000000003985524 method=java.lang.String.lastIndexOf([CII[CIII)I @ 17
Event: 1.161 Thread 0x0000000003492800 Uncommon trap: reason=unstable_if action=reinterpret pc=0x0000000003a0ed5c method=java.io.WinNTFileSystem.isLetter(C)Z @ 3
Event: 1.221 Thread 0x0000000003492800 Uncommon trap: reason=unstable_if action=reinterpret pc=0x0000000003a90050 method=java.lang.CharacterDataLatin1.isWhitespace(I)Z @ 14
Event: 1.221 Thread 0x0000000003492800 Uncommon trap: reason=unstable_if action=reinterpret pc=0x00000000039fd67c method=java.lang.CharacterDataLatin1.isWhitespace(I)Z @ 14
Event: 1.244 Thread 0x0000000003492800 Uncommon trap: reason=class_check action=maybe_recompile pc=0x0000000003b819dc method=java.util.regex.Pattern$BmpCharProperty.match(Ljava/util/regex/Matcher;ILjava/lang/CharSequence;)Z @ 31
Event: 1.244 Thread 0x0000000003492800 Uncommon trap: reason=unstable_if action=reinterpret pc=0x0000000003b81978 method=java.util.regex.Pattern$BmpCharProperty.match(Ljava/util/regex/Matcher;ILjava/lang/CharSequence;)Z @ 5
Event: 1.349 Thread 0x0000000003492800 Uncommon trap: reason=class_check action=maybe_recompile pc=0x000000000391e094 method=java.util.jar.JarFile.getJarEntry(Ljava/lang/String;)Ljava/util/jar/JarEntry; @ 2
Event: 1.349 Thread 0x0000000003492800 Uncommon trap: reason=class_check action=maybe_recompile pc=0x000000000391e094 method=java.util.jar.JarFile.getJarEntry(Ljava/lang/String;)Ljava/util/jar/JarEntry; @ 2
Event: 1.349 Thread 0x0000000003492800 Uncommon trap: reason=class_check action=maybe_recompile pc=0x000000000391e094 method=java.util.jar.JarFile.getJarEntry(Ljava/lang/String;)Ljava/util/jar/JarEntry; @ 2
Event: 1.349 Thread 0x0000000003492800 Uncommon trap: reason=class_check action=maybe_recompile pc=0x000000000391e094 method=java.util.jar.JarFile.getJarEntry(Ljava/lang/String;)Ljava/util/jar/JarEntry; @ 2

Classes redefined (0 events):
No events

Internal exceptions (10 events):
Event: 0.828 Thread 0x0000000003492800 Exception <a 'java/lang/NoSuchMethodError': java.lang.Object.lambda$and$0(Ljava/util/function/Predicate;Ljava/lang/Object;)Z> (0x00000000f88532e0) thrown at [C:\jenkins\workspace\8-2-build-windows-amd64-cygwin\jdk8u251\737\hotspot\src\share\vm\interpreter
Event: 0.832 Thread 0x0000000003492800 Exception <a 'java/lang/IncompatibleClassChangeError': Found class java.lang.Object, but interface was expected> (0x00000000f88bb980) thrown at [C:\jenkins\workspace\8-2-build-windows-amd64-cygwin\jdk8u251\737\hotspot\src\share\vm\interpreter\linkResolver
Event: 0.961 Thread 0x0000000003492800 Exception <a 'java/lang/NoSuchMethodError': java.lang.Object.lambda$static$0()Ljava/lang/String;> (0x00000000f9112c60) thrown at [C:\jenkins\workspace\8-2-build-windows-amd64-cygwin\jdk8u251\737\hotspot\src\share\vm\interpreter\linkResolver.cpp, line 620]
Event: 0.962 Thread 0x0000000003492800 Exception <a 'java/lang/NoSuchMethodError': java.lang.Object.lambda$static$1()Ljava/lang/String;> (0x00000000f911d980) thrown at [C:\jenkins\workspace\8-2-build-windows-amd64-cygwin\jdk8u251\737\hotspot\src\share\vm\interpreter\linkResolver.cpp, line 620]
Event: 0.962 Thread 0x0000000003492800 Exception <a 'java/lang/NoSuchMethodError': java.lang.Object.lambda$static$2()Ljava/lang/String;> (0x00000000f911fd48) thrown at [C:\jenkins\workspace\8-2-build-windows-amd64-cygwin\jdk8u251\737\hotspot\src\share\vm\interpreter\linkResolver.cpp, line 620]
Event: 0.962 Thread 0x0000000003492800 Exception <a 'java/lang/NoSuchMethodError': java.lang.Object.lambda$static$3()Ljava/lang/String;> (0x00000000f9122110) thrown at [C:\jenkins\workspace\8-2-build-windows-amd64-cygwin\jdk8u251\737\hotspot\src\share\vm\interpreter\linkResolver.cpp, line 620]
Event: 1.037 Thread 0x0000000003492800 Exception <a 'java/lang/NoSuchMethodError': java.lang.Object.lambda$create$0(Lorg/openqa/selenium/remote/http/HttpClient$Factory;)Z> (0x00000000f5a78220) thrown at [C:\jenkins\workspace\8-2-build-windows-amd64-cygwin\jdk8u251\737\hotspot\src\share\vm\inte
Event: 1.037 Thread 0x0000000003492800 Exception <a 'java/lang/NoSuchMethodError': java.lang.Object.lambda$create$1(Ljava/lang/String;Lorg/openqa/selenium/remote/http/HttpClient$Factory;)Z> (0x00000000f5a7b920) thrown at [C:\jenkins\workspace\8-2-build-windows-amd64-cygwin\jdk8u251\737\hotspot
Event: 1.123 Thread 0x0000000003492800 Exception <a 'java/lang/NoSuchMethodError': org.slf4j.impl.StaticMDCBinder.getSingleton()Lorg/slf4j/impl/StaticMDCBinder;> (0x00000000f6807a78) thrown at [C:\jenkins\workspace\8-2-build-windows-amd64-cygwin\jdk8u251\737\hotspot\src\share\vm\interpreter\li
Event: 1.508 Thread 0x0000000003492800 Exception <a 'java/lang/NoSuchMethodError': java.lang.Object.lambda$andFinally$1(Lorg/openqa/selenium/remote/http/HttpHandler;Lorg/openqa/selenium/remote/http/HttpRequest;)Lorg/openqa/selenium/remote/http/HttpResponse;> (0x00000000f914f600) thrown at [C:\

Events (10 events):
Event: 1.508 loading class org/openqa/selenium/remote/http/HttpRequest
Event: 1.508 loading class org/openqa/selenium/remote/http/HttpRequest done
Event: 1.508 loading class org/openqa/selenium/remote/http/netty/NettyHttpHandler
Event: 1.508 loading class org/openqa/selenium/remote/http/netty/NettyHttpHandler done
Event: 1.508 loading class org/openqa/selenium/remote/http/HttpRequest
Event: 1.508 loading class org/openqa/selenium/remote/http/HttpRequest done
Event: 1.508 loading class org/openqa/selenium/remote/http/HttpHandler
Event: 1.508 loading class org/openqa/selenium/remote/http/HttpHandler done
Event: 1.508 loading class org/openqa/selenium/remote/http/Filter
Event: 1.508 loading class org/openqa/selenium/remote/http/Filter done


Dynamic libraries:
0x00007ff70ce40000 - 0x00007ff70ce77000 	C:\Program Files\Java\jdk1.8.0_251\bin\java.exe
0x00007ffb7b960000 - 0x00007ffb7bb69000 	C:\WINDOWS\SYSTEM32\ntdll.dll
0x00007ffb7abf0000 - 0x00007ffb7acad000 	C:\WINDOWS\System32\KERNEL32.DLL
0x00007ffb79310000 - 0x00007ffb79689000 	C:\WINDOWS\System32\KERNELBASE.dll
0x00007ffb7b870000 - 0x00007ffb7b91e000 	C:\WINDOWS\System32\ADVAPI32.dll
0x00007ffb7b420000 - 0x00007ffb7b4c3000 	C:\WINDOWS\System32\msvcrt.dll
0x00007ffb7b5c0000 - 0x00007ffb7b65e000 	C:\WINDOWS\System32\sechost.dll
0x00007ffb7b660000 - 0x00007ffb7b780000 	C:\WINDOWS\System32\RPCRT4.dll
0x00007ffb797f0000 - 0x00007ffb7999c000 	C:\WINDOWS\System32\USER32.dll
0x00007ffb79750000 - 0x00007ffb79776000 	C:\WINDOWS\System32\win32u.dll
0x00007ffb7afe0000 - 0x00007ffb7b009000 	C:\WINDOWS\System32\GDI32.dll
0x00007ffb78e40000 - 0x00007ffb78f52000 	C:\WINDOWS\System32\gdi32full.dll
0x00007ffb79270000 - 0x00007ffb7930d000 	C:\WINDOWS\System32\msvcp_win.dll
0x00007ffb78fe0000 - 0x00007ffb790f1000 	C:\WINDOWS\System32\ucrtbase.dll
0x00007ffb6aba0000 - 0x00007ffb6ae45000 	C:\WINDOWS\WinSxS\amd64_microsoft.windows.common-controls_6595b64144ccf1df_6.0.22000.120_none_9d947278b86cc467\COMCTL32.dll
0x00007ffb7b330000 - 0x00007ffb7b361000 	C:\WINDOWS\System32\IMM32.DLL
0x0000000052090000 - 0x0000000052162000 	C:\Program Files\Java\jdk1.8.0_251\jre\bin\msvcr100.dll
0x00000000517e0000 - 0x000000005208b000 	C:\Program Files\Java\jdk1.8.0_251\jre\bin\server\jvm.dll
0x00007ffb799a0000 - 0x00007ffb799a8000 	C:\WINDOWS\System32\PSAPI.DLL
0x00007ffb73fe0000 - 0x00007ffb74013000 	C:\WINDOWS\SYSTEM32\WINMM.dll
0x00007ffb721c0000 - 0x00007ffb721ca000 	C:\WINDOWS\SYSTEM32\VERSION.dll
0x00007ffb60110000 - 0x00007ffb60119000 	C:\WINDOWS\SYSTEM32\WSOCK32.dll
0x00007ffb7a790000 - 0x00007ffb7a7ff000 	C:\WINDOWS\System32\ws2_32.DLL
0x00007ffb65640000 - 0x00007ffb6564f000 	C:\Program Files\Java\jdk1.8.0_251\jre\bin\verify.dll
0x00007ffb655f0000 - 0x00007ffb65619000 	C:\Program Files\Java\jdk1.8.0_251\jre\bin\java.dll
0x00007ffb64730000 - 0x00007ffb64746000 	C:\Program Files\Java\jdk1.8.0_251\jre\bin\zip.dll
0x00007ffb79fd0000 - 0x00007ffb7a788000 	C:\WINDOWS\System32\SHELL32.dll
0x00007ffb76fb0000 - 0x00007ffb77818000 	C:\WINDOWS\SYSTEM32\windows.storage.dll
0x00007ffb7a810000 - 0x00007ffb7ab89000 	C:\WINDOWS\System32\combase.dll
0x00007ffb76e40000 - 0x00007ffb76fa6000 	C:\WINDOWS\SYSTEM32\wintypes.dll
0x00007ffb7b4d0000 - 0x00007ffb7b5ba000 	C:\WINDOWS\System32\SHCORE.dll
0x00007ffb7ab90000 - 0x00007ffb7abed000 	C:\WINDOWS\System32\shlwapi.dll
0x00007ffb78d70000 - 0x00007ffb78d91000 	C:\WINDOWS\SYSTEM32\profapi.dll
0x00007ffb59cd0000 - 0x00007ffb59cea000 	C:\Program Files\Java\jdk1.8.0_251\jre\bin\net.dll
0x00007ffb78460000 - 0x00007ffb784c7000 	C:\WINDOWS\system32\mswsock.dll
0x00007ffb59410000 - 0x00007ffb59422000 	C:\Program Files\Java\jdk1.8.0_251\jre\bin\nio.dll
0x00007ffb786b0000 - 0x00007ffb786c8000 	C:\WINDOWS\SYSTEM32\CRYPTSP.dll
0x00007ffb77f90000 - 0x00007ffb77fc5000 	C:\WINDOWS\system32\rsaenh.dll
0x00007ffb78550000 - 0x00007ffb78579000 	C:\WINDOWS\SYSTEM32\USERENV.dll
0x00007ffb78820000 - 0x00007ffb78847000 	C:\WINDOWS\SYSTEM32\bcrypt.dll
0x00007ffb78f60000 - 0x00007ffb78fdf000 	C:\WINDOWS\System32\bcryptprimitives.dll
0x00007ffb786a0000 - 0x00007ffb786ac000 	C:\WINDOWS\SYSTEM32\CRYPTBASE.dll
0x00007ffb77b60000 - 0x00007ffb77b8d000 	C:\WINDOWS\SYSTEM32\IPHLPAPI.DLL
0x00007ffb7b010000 - 0x00007ffb7b019000 	C:\WINDOWS\System32\NSI.dll
0x00007ffb73cf0000 - 0x00007ffb73d09000 	C:\WINDOWS\SYSTEM32\dhcpcsvc6.DLL
0x00007ffb74490000 - 0x00007ffb744ae000 	C:\WINDOWS\SYSTEM32\dhcpcsvc.DLL
0x00007ffb77b90000 - 0x00007ffb77c78000 	C:\WINDOWS\SYSTEM32\DNSAPI.dll
0x00007ffb70c40000 - 0x00007ffb70c4a000 	C:\Windows\System32\rasadhlp.dll
0x00007ffb713a0000 - 0x00007ffb71421000 	C:\WINDOWS\System32\fwpuclnt.dll
0x00007ffb527e0000 - 0x00007ffb52804000 	C:\Program Files\Java\jdk1.8.0_251\jre\bin\sunec.dll
0x00007ffb5b560000 - 0x00007ffb5b56c000 	C:\Program Files\Java\jdk1.8.0_251\jre\bin\sunmscapi.dll
0x00007ffb79100000 - 0x00007ffb79262000 	C:\WINDOWS\System32\CRYPT32.dll
0x00007ffb787f0000 - 0x00007ffb78818000 	C:\WINDOWS\SYSTEM32\ncrypt.dll
0x00007ffb787b0000 - 0x00007ffb787e7000 	C:\WINDOWS\SYSTEM32\NTASN1.dll

VM Arguments:
jvm_args: -Djava.security.manager=worker.org.gradle.process.internal.worker.child.BootstrapSecurityManager -Dorg.gradle.internal.worker.tmpdir=C:\Users\biolk\Documents\marketKurlyCloneProject\build\tmp\test\work -Dorg.gradle.native=false -Xmx512m -Dfile.encoding=UTF-8 -Duser.country=KR -Duser.language=ko -Duser.variant -ea 
java_command: worker.org.gradle.process.internal.worker.GradleWorkerMain 'Gradle Test Executor 167'
java_class_path (initial): C:\Users\biolk\.gradle\caches\7.4.1\workerMain\gradle-worker.jar
Launcher Type: SUN_STANDARD

Environment Variables:
JAVA_HOME=C:\Program Files\Zulu\zulu-8
PATH=C:\Program Files\Zulu\zulu-8\bin\;C:\Program Files\Common Files\Oracle\Java\javapath;C:\Program Files (x86)\Common Files\Oracle\Java\javapath;C:\Program Files (x86)\NAT Service;C:\Windows\system32;C:\Windows;C:\Windows\System32\Wbem;C:\Windows\System32\WindowsPowerShell\v1.0\;C:\Windows\System32\OpenSSH\;C:\Program Files (x86)\NVIDIA Corporation\PhysX\Common;C:\Program Files\NVIDIA Corporation\NVIDIA NvDLISR;C:\Program Files\Microsoft SQL Server\130\Tools\Binn\;C:\Program Files\dotnet\;C:\WINDOWS\system32;C:\WINDOWS;C:\WINDOWS\System32\Wbem;C:\WINDOWS\System32\WindowsPowerShell\v1.0\;C:\WINDOWS\System32\OpenSSH\;C:\Program Files\Java\jdk-15.0.2\bin;C:\Program Files (x86)\dotnet\;C:\Program Files\Git\cmd;C:\Program Files\nodejs\;C:\Program Files\Redis\;C:\Users\biolk\AppData\Local\Programs\Python\Python39\Scripts\;C:\Users\biolk\AppData\Local\Programs\Python\Python39\;C:\Users\biolk\AppData\Local\Programs\Python\Python38\Scripts\;C:\Users\biolk\AppData\Local\Programs\Python\Python38\;C:\Users\biolk\AppData\Local\Microsoft\WindowsApps;C:\Program Files\Bandizip\;C:\Program Files\JetBrains\IntelliJ IDEA Community Edition 2021.3.2\bin;;C:\Users\biolk\AppData\Local\Programs\Microsoft VS Code\bin;";C:\Program Files\Zulu\zulu-8\bin";C:\Users\biolk\AppData\Roaming\npm
USERNAME=biolk
OS=Windows_NT
PROCESSOR_IDENTIFIER=Intel64 Family 6 Model 158 Stepping 10, GenuineIntel



---------------  S Y S T E M  ---------------

OS: Windows 10.0 , 64 bit Build 22000 (10.0.22000.708)

CPU:total 6 (initial active 6) (6 cores per cpu, 1 threads per core) family 6 model 158 stepping 10, cmov, cx8, fxsr, mmx, sse, sse2, sse3, ssse3, sse4.1, sse4.2, popcnt, avx, avx2, aes, clmul, erms, rtm, 3dnowpref, lzcnt, tsc, tscinvbit, bmi1, bmi2, adx

Memory: 4k page, physical 16709060k(2277244k free), swap 31118908k(5120k free)

vm_info: Java HotSpot(TM) 64-Bit Server VM (25.251-b08) for windows-amd64 JRE (1.8.0_251-b08), built on Mar 12 2020 06:31:49 by "" with MS VC++ 10.0 (VS2010)

time: Fri Jun 17 21:58:44 2022
timezone: 대한민국 표준시
elapsed time: 1 seconds (0d 0h 0m 1s)

