#
# There is insufficient memory for the Java Runtime Environment to continue.
# Native memory allocation (malloc) failed to allocate 1077616 bytes for Chunk::new
# Possible reasons:
#   The system is out of physical RAM or swap space
#   The process is running with CompressedOops enabled, and the Java Heap may be blocking the growth of the native heap
# Possible solutions:
#   Reduce memory load on the system
#   Increase physical memory or swap space
#   Check if swap backing store is full
#   Decrease Java heap size (-Xmx/-Xms)
#   Decrease number of Java threads
#   Decrease Java thread stack sizes (-Xss)
#   Set larger code cache with -XX:ReservedCodeCacheSize=
#   JVM is running with Unscaled Compressed Oops mode in which the Java heap is
#     placed in the first 4GB address space. The Java Heap base address is the
#     maximum limit for the native heap growth. Please use -XX:HeapBaseMinAddress
#     to set the Java Heap base and to place the Java Heap above 4GB virtual address.
# This output file may be truncated or incomplete.
#
#  Out of Memory Error (allocation.cpp:389), pid=38532, tid=0x0000000000006a88
#
# JRE version: Java(TM) SE Runtime Environment (8.0_251-b08) (build 1.8.0_251-b08)
# Java VM: Java HotSpot(TM) 64-Bit Server VM (25.251-b08 mixed mode windows-amd64 compressed oops)
# Failed to write core dump. Minidumps are not enabled by default on client versions of Windows
#

---------------  T H R E A D  ---------------

Current thread (0x000000001605d000):  JavaThread "C2 CompilerThread1" daemon [_thread_in_native, id=27272, stack(0x00000000167c0000,0x00000000168c0000)]

Stack: [0x00000000167c0000,0x00000000168c0000]
[error occurred during error reporting (printing stack bounds), id 0xc0000005]

Native frames: (J=compiled Java code, j=interpreted, Vv=VM code, C=native code)


Current CompileTask:
C2:    766  868       4       java.io.WinNTFileSystem::normalize (143 bytes)


---------------  P R O C E S S  ---------------

Java Threads: ( => current thread )
  0x0000000017577000 JavaThread "/127.0.0.1:9637 to /127.0.0.1:9635 workers Thread 3" [_thread_in_native, id=6448, stack(0x0000000018690000,0x0000000018790000)]
  0x000000001767e800 JavaThread "/127.0.0.1:9637 to /127.0.0.1:9635 workers Thread 2" [_thread_blocked, id=37432, stack(0x0000000018590000,0x0000000018690000)]
  0x00000000177cb800 JavaThread "/127.0.0.1:9637 to /127.0.0.1:9635 workers" [_thread_blocked, id=38304, stack(0x0000000018490000,0x0000000018590000)]
  0x00000000160e8000 JavaThread "Service Thread" daemon [_thread_blocked, id=14820, stack(0x00000000169c0000,0x0000000016ac0000)]
  0x000000001605f800 JavaThread "C1 CompilerThread2" daemon [_thread_in_native, id=10000, stack(0x00000000168c0000,0x00000000169c0000)]
=>0x000000001605d000 JavaThread "C2 CompilerThread1" daemon [_thread_in_native, id=27272, stack(0x00000000167c0000,0x00000000168c0000)]
  0x000000001605b000 JavaThread "C2 CompilerThread0" daemon [_thread_blocked, id=37468, stack(0x00000000166c0000,0x00000000167c0000)]
  0x0000000016056800 JavaThread "Attach Listener" daemon [_thread_blocked, id=22364, stack(0x00000000165c0000,0x00000000166c0000)]
  0x0000000016055800 JavaThread "Signal Dispatcher" daemon [_thread_blocked, id=40700, stack(0x00000000164c0000,0x00000000165c0000)]
  0x0000000002f7c800 JavaThread "Finalizer" daemon [_thread_blocked, id=30492, stack(0x0000000015e50000,0x0000000015f50000)]
  0x00000000145cc800 JavaThread "Reference Handler" daemon [_thread_blocked, id=38336, stack(0x0000000015d50000,0x0000000015e50000)]
  0x0000000002e82800 JavaThread "Test worker" [_thread_in_native, id=18656, stack(0x0000000002d80000,0x0000000002e80000)]

Other Threads:
  0x00000000145a8000 VMThread [stack: 0x0000000015c50000,0x0000000015d50000] [id=27500]
  0x0000000016138000 WatcherThread [stack: 0x0000000016ac0000,0x0000000016bc0000] [id=34156]

VM state:not at safepoint (normal execution)

VM Mutex/Monitor currently owned by a thread: None

heap address: 0x00000000e0000000, size: 512 MB, Compressed Oops mode: 32-bit
Narrow klass base: 0x0000000000000000, Narrow klass shift: 3
Compressed class space size: 1073741824 Address: 0x0000000100000000

Heap:
 PSYoungGen      total 76288K, used 41949K [0x00000000f5580000, 0x00000000faa80000, 0x0000000100000000)
  eden space 65536K, 64% used [0x00000000f5580000,0x00000000f7e776c8,0x00000000f9580000)
  from space 10752K, 0% used [0x00000000fa000000,0x00000000fa000000,0x00000000faa80000)
  to   space 10752K, 0% used [0x00000000f9580000,0x00000000f9580000,0x00000000fa000000)
 ParOldGen       total 175104K, used 0K [0x00000000e0000000, 0x00000000eab00000, 0x00000000f5580000)
  object space 175104K, 0% used [0x00000000e0000000,0x00000000e0000000,0x00000000eab00000)
 Metaspace       used 10916K, capacity 11502K, committed 11648K, reserved 1058816K
  class space    used 1434K, capacity 1559K, committed 1664K, reserved 1048576K

Card table byte_map: [0x0000000012340000,0x0000000012450000] byte_map_base: 0x0000000011c40000

Marking Bits: (ParMarkBitMap*) 0x000000005200af90
 Begin Bits: [0x0000000012b00000, 0x0000000013300000)
 End Bits:   [0x0000000013300000, 0x0000000013b00000)

Polling page: 0x00000000011c0000

CodeCache: size=245760Kb used=3762Kb max_used=3773Kb free=241997Kb
 bounds [0x0000000002f80000, 0x0000000003340000, 0x0000000011f80000]
 total_blobs=1343 nmethods=997 adapters=259
 compilation: enabled

Compilation events (10 events):
Event: 0.763 Thread 0x000000001605f800 nmethod 988 0x000000000331a190 code [0x000000000331a2e0, 0x000000000331a410]
Event: 0.763 Thread 0x000000001605f800  989       1       java.lang.invoke.InnerClassLambdaMetafactory::access$200 (5 bytes)
Event: 0.764 Thread 0x000000001605f800 nmethod 989 0x0000000003321e50 code [0x0000000003321fa0, 0x0000000003322090]
Event: 0.764 Thread 0x000000001605f800  990       3       java.lang.invoke.MethodHandles$Lookup::checkSecurityManager (87 bytes)
Event: 0.764 Thread 0x000000001605f800 nmethod 990 0x0000000003328a10 code [0x0000000003328ce0, 0x000000000332a058]
Event: 0.764 Thread 0x000000001605f800  991       3       java.lang.invoke.DirectMethodHandle::preparedLambdaForm (31 bytes)
Event: 0.765 Thread 0x000000001605f800 nmethod 991 0x00000000033252d0 code [0x0000000003325460, 0x00000000033258e8]
Event: 0.765 Thread 0x000000001605f800  992       3       java.util.LinkedHashMap$LinkedHashIterator::nextNode (54 bytes)
Event: 0.765 Thread 0x000000001605f800 nmethod 992 0x0000000003328410 code [0x00000000033285a0, 0x0000000003328898]
Event: 0.765 Thread 0x000000001605f800  993       3       java.lang.invoke.DirectMethodHandle::maybeCompile (18 bytes)

GC Heap History (0 events):
No events

Deoptimization events (10 events):
Event: 0.310 Thread 0x0000000002e82800 Uncommon trap: reason=null_check action=make_not_entrant pc=0x0000000003095a28 method=java.lang.String.equals(Ljava/lang/Object;)Z @ 8
Event: 0.335 Thread 0x0000000002e82800 Uncommon trap: reason=class_check action=maybe_recompile pc=0x00000000031d21ac method=sun.misc.URLClassPath.getLoader(I)Lsun/misc/URLClassPath$Loader; @ 94
Event: 0.335 Thread 0x0000000002e82800 Uncommon trap: reason=unstable_if action=reinterpret pc=0x00000000030a2d70 method=java.lang.String.regionMatches(ZILjava/lang/String;II)Z @ 41
Event: 0.336 Thread 0x0000000002e82800 Uncommon trap: reason=class_check action=maybe_recompile pc=0x00000000031d21ac method=sun.misc.URLClassPath.getLoader(I)Lsun/misc/URLClassPath$Loader; @ 94
Event: 0.336 Thread 0x0000000002e82800 Uncommon trap: reason=class_check action=maybe_recompile pc=0x00000000031d21ac method=sun.misc.URLClassPath.getLoader(I)Lsun/misc/URLClassPath$Loader; @ 94
Event: 0.339 Thread 0x0000000002e82800 Uncommon trap: reason=unstable_if action=reinterpret pc=0x00000000030ecd88 method=java.lang.String.startsWith(Ljava/lang/String;I)Z @ 25
Event: 0.339 Thread 0x0000000002e82800 Uncommon trap: reason=unstable_if action=reinterpret pc=0x00000000031d2354 method=java.util.HashMap.putVal(ILjava/lang/Object;Ljava/lang/Object;ZZ)Ljava/lang/Object; @ 181
Event: 0.381 Thread 0x0000000002e82800 Uncommon trap: reason=unstable_if action=reinterpret pc=0x00000000031c96a4 method=java.util.HashMap.putVal(ILjava/lang/Object;Ljava/lang/Object;ZZ)Ljava/lang/Object; @ 181
Event: 0.459 Thread 0x0000000002e82800 Uncommon trap: reason=unstable_if action=reinterpret pc=0x0000000003211bbc method=java.util.HashMap.getNode(ILjava/lang/Object;)Ljava/util/HashMap$Node; @ 129
Event: 0.580 Thread 0x0000000002e82800 Uncommon trap: reason=unstable_if action=reinterpret pc=0x000000000322b8c8 method=java.io.WinNTFileSystem.normalize(Ljava/lang/String;II)Ljava/lang/String; @ 8

Classes redefined (0 events):
No events

Internal exceptions (10 events):
Event: 0.325 Thread 0x0000000002e82800 Exception <a 'java/lang/NoSuchMethodError': <clinit>> (0x00000000f60be660) thrown at [C:\jenkins\workspace\8-2-build-windows-amd64-cygwin\jdk8u251\737\hotspot\src\share\vm\prims\jni.cpp, line 1614]
Event: 0.325 Thread 0x0000000002e82800 Exception <a 'java/lang/NoSuchMethodError': <clinit>> (0x00000000f60c86c8) thrown at [C:\jenkins\workspace\8-2-build-windows-amd64-cygwin\jdk8u251\737\hotspot\src\share\vm\prims\jni.cpp, line 1614]
Event: 0.326 Thread 0x0000000002e82800 Exception <a 'java/lang/NoSuchMethodError': <clinit>> (0x00000000f60d24c0) thrown at [C:\jenkins\workspace\8-2-build-windows-amd64-cygwin\jdk8u251\737\hotspot\src\share\vm\prims\jni.cpp, line 1614]
Event: 0.464 Thread 0x0000000002e82800 Exception <a 'java/lang/ArrayIndexOutOfBoundsException'> (0x00000000f65b0d30) thrown at [C:\jenkins\workspace\8-2-build-windows-amd64-cygwin\jdk8u251\737\hotspot\src\share\vm\runtime\sharedRuntime.cpp, line 605]
Event: 0.464 Thread 0x0000000002e82800 Exception <a 'java/lang/ArrayIndexOutOfBoundsException'> (0x00000000f65b1c00) thrown at [C:\jenkins\workspace\8-2-build-windows-amd64-cygwin\jdk8u251\737\hotspot\src\share\vm\runtime\sharedRuntime.cpp, line 605]
Event: 0.698 Thread 0x0000000002e82800 Exception <a 'java/lang/NoSuchMethodError': java.lang.Object.lambda$or$2(Ljava/util/function/Predicate;Ljava/lang/Object;)Z> (0x00000000f76b5728) thrown at [C:\jenkins\workspace\8-2-build-windows-amd64-cygwin\jdk8u251\737\hotspot\src\share\vm\interpreter\
Event: 0.709 Thread 0x0000000002e82800 Exception <a 'java/lang/IncompatibleClassChangeError': Found class java.lang.Object, but interface was expected> (0x00000000f77f43b0) thrown at [C:\jenkins\workspace\8-2-build-windows-amd64-cygwin\jdk8u251\737\hotspot\src\share\vm\interpreter\linkResolver
Event: 0.745 Thread 0x0000000002e82800 Exception <a 'java/lang/NoSuchMethodError': java.lang.Object.lambda$andThen$1(Ljava/util/function/Function;Ljava/lang/Object;)Ljava/lang/Object;> (0x00000000f7c08660) thrown at [C:\jenkins\workspace\8-2-build-windows-amd64-cygwin\jdk8u251\737\hotspot\src\
Event: 0.763 Thread 0x0000000002e82800 Exception <a 'java/lang/IncompatibleClassChangeError': Found class java.lang.Object, but interface was expected> (0x00000000f7dbce50) thrown at [C:\jenkins\workspace\8-2-build-windows-amd64-cygwin\jdk8u251\737\hotspot\src\share\vm\interpreter\linkResolver
Event: 0.763 Thread 0x0000000002e82800 Exception <a 'java/lang/NoSuchMethodError': java.lang.Object.lambda$ofVoidMethod$0(Lorg/junit/jupiter/engine/execution/ExecutableInvoker$ReflectiveInterceptorCall$VoidMethodInterceptorCall;Lorg/junit/jupiter/api/extension/InvocationInterceptor;Lorg/junit/

Events (10 events):
Event: 0.763 loading class org/junit/jupiter/api/extension/InvocationInterceptor
Event: 0.763 loading class org/junit/jupiter/api/extension/InvocationInterceptor done
Event: 0.763 loading class org/junit/jupiter/engine/execution/ExecutableInvoker$ReflectiveInterceptorCall$VoidMethodInterceptorCall
Event: 0.763 loading class org/junit/jupiter/engine/execution/ExecutableInvoker$ReflectiveInterceptorCall$VoidMethodInterceptorCall done
Event: 0.764 loading class org/junit/jupiter/api/DisplayNameGenerator
Event: 0.764 loading class org/junit/jupiter/api/DisplayNameGenerator done
Event: 0.764 loading class org/junit/jupiter/api/DisplayNameGenerator
Event: 0.764 loading class org/junit/jupiter/api/DisplayNameGenerator done
Event: 0.764 loading class org/junit/platform/engine/support/descriptor/MethodSource
Event: 0.764 loading class org/junit/platform/engine/support/descriptor/MethodSource done


Dynamic libraries:
0x00007ff70ce40000 - 0x00007ff70ce77000 	C:\Program Files\Java\jdk1.8.0_251\bin\java.exe
0x00007ffb7b960000 - 0x00007ffb7bb69000 	C:\WINDOWS\SYSTEM32\ntdll.dll
0x00007ffb7abf0000 - 0x00007ffb7acad000 	C:\WINDOWS\System32\KERNEL32.DLL
0x00007ffb79310000 - 0x00007ffb79689000 	C:\WINDOWS\System32\KERNELBASE.dll
0x00007ffb7b870000 - 0x00007ffb7b91e000 	C:\WINDOWS\System32\ADVAPI32.dll
0x00007ffb7b420000 - 0x00007ffb7b4c3000 	C:\WINDOWS\System32\msvcrt.dll
0x00007ffb7b5c0000 - 0x00007ffb7b65e000 	C:\WINDOWS\System32\sechost.dll
0x00007ffb7b660000 - 0x00007ffb7b780000 	C:\WINDOWS\System32\RPCRT4.dll
0x00007ffb797f0000 - 0x00007ffb7999c000 	C:\WINDOWS\System32\USER32.dll
0x00007ffb79750000 - 0x00007ffb79776000 	C:\WINDOWS\System32\win32u.dll
0x00007ffb7afe0000 - 0x00007ffb7b009000 	C:\WINDOWS\System32\GDI32.dll
0x00007ffb78e40000 - 0x00007ffb78f52000 	C:\WINDOWS\System32\gdi32full.dll
0x00007ffb79270000 - 0x00007ffb7930d000 	C:\WINDOWS\System32\msvcp_win.dll
0x00007ffb78fe0000 - 0x00007ffb790f1000 	C:\WINDOWS\System32\ucrtbase.dll
0x00007ffb6aba0000 - 0x00007ffb6ae45000 	C:\WINDOWS\WinSxS\amd64_microsoft.windows.common-controls_6595b64144ccf1df_6.0.22000.120_none_9d947278b86cc467\COMCTL32.dll
0x00007ffb7b330000 - 0x00007ffb7b361000 	C:\WINDOWS\System32\IMM32.DLL
0x0000000052090000 - 0x0000000052162000 	C:\Program Files\Java\jdk1.8.0_251\jre\bin\msvcr100.dll
0x00000000517e0000 - 0x000000005208b000 	C:\Program Files\Java\jdk1.8.0_251\jre\bin\server\jvm.dll
0x00007ffb799a0000 - 0x00007ffb799a8000 	C:\WINDOWS\System32\PSAPI.DLL
0x00007ffb721c0000 - 0x00007ffb721ca000 	C:\WINDOWS\SYSTEM32\VERSION.dll
0x00007ffb73fe0000 - 0x00007ffb74013000 	C:\WINDOWS\SYSTEM32\WINMM.dll
0x00007ffb60110000 - 0x00007ffb60119000 	C:\WINDOWS\SYSTEM32\WSOCK32.dll
0x00007ffb7a790000 - 0x00007ffb7a7ff000 	C:\WINDOWS\System32\WS2_32.dll
0x00007ffb65640000 - 0x00007ffb6564f000 	C:\Program Files\Java\jdk1.8.0_251\jre\bin\verify.dll
0x00007ffb655f0000 - 0x00007ffb65619000 	C:\Program Files\Java\jdk1.8.0_251\jre\bin\java.dll
0x00007ffb64730000 - 0x00007ffb64746000 	C:\Program Files\Java\jdk1.8.0_251\jre\bin\zip.dll
0x00007ffb79fd0000 - 0x00007ffb7a788000 	C:\WINDOWS\System32\SHELL32.dll
0x00007ffb76fb0000 - 0x00007ffb77818000 	C:\WINDOWS\SYSTEM32\windows.storage.dll
0x00007ffb7a810000 - 0x00007ffb7ab89000 	C:\WINDOWS\System32\combase.dll
0x00007ffb76e40000 - 0x00007ffb76fa6000 	C:\WINDOWS\SYSTEM32\wintypes.dll
0x00007ffb7b4d0000 - 0x00007ffb7b5ba000 	C:\WINDOWS\System32\SHCORE.dll
0x00007ffb7ab90000 - 0x00007ffb7abed000 	C:\WINDOWS\System32\shlwapi.dll
0x00007ffb78d70000 - 0x00007ffb78d91000 	C:\WINDOWS\SYSTEM32\profapi.dll
0x00007ffb59cd0000 - 0x00007ffb59cea000 	C:\Program Files\Java\jdk1.8.0_251\jre\bin\net.dll
0x00007ffb78460000 - 0x00007ffb784c7000 	C:\WINDOWS\system32\mswsock.dll
0x00007ffb59410000 - 0x00007ffb59422000 	C:\Program Files\Java\jdk1.8.0_251\jre\bin\nio.dll
0x00007ffb786b0000 - 0x00007ffb786c8000 	C:\WINDOWS\SYSTEM32\CRYPTSP.dll
0x00007ffb77f90000 - 0x00007ffb77fc5000 	C:\WINDOWS\system32\rsaenh.dll
0x00007ffb78550000 - 0x00007ffb78579000 	C:\WINDOWS\SYSTEM32\USERENV.dll
0x00007ffb78820000 - 0x00007ffb78847000 	C:\WINDOWS\SYSTEM32\bcrypt.dll
0x00007ffb78f60000 - 0x00007ffb78fdf000 	C:\WINDOWS\System32\bcryptprimitives.dll
0x00007ffb786a0000 - 0x00007ffb786ac000 	C:\WINDOWS\SYSTEM32\CRYPTBASE.dll
0x00007ffb77b60000 - 0x00007ffb77b8d000 	C:\WINDOWS\SYSTEM32\IPHLPAPI.DLL
0x00007ffb7b010000 - 0x00007ffb7b019000 	C:\WINDOWS\System32\NSI.dll
0x00007ffb73cf0000 - 0x00007ffb73d09000 	C:\WINDOWS\SYSTEM32\dhcpcsvc6.DLL
0x00007ffb74490000 - 0x00007ffb744ae000 	C:\WINDOWS\SYSTEM32\dhcpcsvc.DLL
0x00007ffb77b90000 - 0x00007ffb77c78000 	C:\WINDOWS\SYSTEM32\DNSAPI.dll

VM Arguments:
jvm_args: -Djava.security.manager=worker.org.gradle.process.internal.worker.child.BootstrapSecurityManager -Dorg.gradle.internal.worker.tmpdir=C:\Users\biolk\Documents\marketKurlyCloneProject\build\tmp\test\work -Dorg.gradle.native=false -Xmx512m -Dfile.encoding=UTF-8 -Duser.country=KR -Duser.language=ko -Duser.variant -ea 
java_command: worker.org.gradle.process.internal.worker.GradleWorkerMain 'Gradle Test Executor 157'
java_class_path (initial): C:\Users\biolk\.gradle\caches\7.4.1\workerMain\gradle-worker.jar
Launcher Type: SUN_STANDARD

Environment Variables:
JAVA_HOME=C:\Program Files\Zulu\zulu-8
PATH=C:\Program Files\Zulu\zulu-8\bin\;C:\Program Files\Common Files\Oracle\Java\javapath;C:\Program Files (x86)\Common Files\Oracle\Java\javapath;C:\Program Files (x86)\NAT Service;C:\Windows\system32;C:\Windows;C:\Windows\System32\Wbem;C:\Windows\System32\WindowsPowerShell\v1.0\;C:\Windows\System32\OpenSSH\;C:\Program Files (x86)\NVIDIA Corporation\PhysX\Common;C:\Program Files\NVIDIA Corporation\NVIDIA NvDLISR;C:\Program Files\Microsoft SQL Server\130\Tools\Binn\;C:\Program Files\dotnet\;C:\WINDOWS\system32;C:\WINDOWS;C:\WINDOWS\System32\Wbem;C:\WINDOWS\System32\WindowsPowerShell\v1.0\;C:\WINDOWS\System32\OpenSSH\;C:\Program Files\Java\jdk-15.0.2\bin;C:\Program Files (x86)\dotnet\;C:\Program Files\Git\cmd;C:\Program Files\nodejs\;C:\Program Files\Redis\;C:\Users\biolk\AppData\Local\Programs\Python\Python39\Scripts\;C:\Users\biolk\AppData\Local\Programs\Python\Python39\;C:\Users\biolk\AppData\Local\Programs\Python\Python38\Scripts\;C:\Users\biolk\AppData\Local\Programs\Python\Python38\;C:\Users\biolk\AppData\Local\Microsoft\WindowsApps;C:\Program Files\Bandizip\;C:\Program Files\JetBrains\IntelliJ IDEA Community Edition 2021.3.2\bin;;C:\Users\biolk\AppData\Local\Programs\Microsoft VS Code\bin;";C:\Program Files\Zulu\zulu-8\bin";C:\Users\biolk\AppData\Roaming\npm
USERNAME=biolk
OS=Windows_NT
PROCESSOR_IDENTIFIER=Intel64 Family 6 Model 158 Stepping 10, GenuineIntel



---------------  S Y S T E M  ---------------

OS: Windows 10.0 , 64 bit Build 22000 (10.0.22000.708)

CPU:total 6 (initial active 6) (6 cores per cpu, 1 threads per core) family 6 model 158 stepping 10, cmov, cx8, fxsr, mmx, sse, sse2, sse3, ssse3, sse4.1, sse4.2, popcnt, avx, avx2, aes, clmul, erms, rtm, 3dnowpref, lzcnt, tsc, tscinvbit, bmi1, bmi2, adx

Memory: 4k page, physical 16709060k(1135472k free), swap 31118908k(4208k free)

vm_info: Java HotSpot(TM) 64-Bit Server VM (25.251-b08) for windows-amd64 JRE (1.8.0_251-b08), built on Mar 12 2020 06:31:49 by "" with MS VC++ 10.0 (VS2010)

time: Fri Jun 17 21:35:42 2022
timezone: 대한민국 표준시
elapsed time: 0 seconds (0d 0h 0m 0s)

