#
# There is insufficient memory for the Java Runtime Environment to continue.
# Native memory allocation (malloc) failed to allocate 645296 bytes for Chunk::new
# Possible reasons:
#   The system is out of physical RAM or swap space
#   The process is running with CompressedOops enabled, and the Java Heap may be blocking the growth of the native heap
# Possible solutions:
#   Reduce memory load on the system
#   Increase physical memory or swap space
#   Check if swap backing store is full
#   Decrease Java heap size (-Xmx/-Xms)
#   Decrease number of Java threads
#   Decrease Java thread stack sizes (-Xss)
#   Set larger code cache with -XX:ReservedCodeCacheSize=
#   JVM is running with Unscaled Compressed Oops mode in which the Java heap is
#     placed in the first 4GB address space. The Java Heap base address is the
#     maximum limit for the native heap growth. Please use -XX:HeapBaseMinAddress
#     to set the Java Heap base and to place the Java Heap above 4GB virtual address.
# This output file may be truncated or incomplete.
#
#  Out of Memory Error (allocation.cpp:389), pid=42232, tid=0x000000000000a658
#
# JRE version: Java(TM) SE Runtime Environment (8.0_251-b08) (build 1.8.0_251-b08)
# Java VM: Java HotSpot(TM) 64-Bit Server VM (25.251-b08 mixed mode windows-amd64 compressed oops)
# Failed to write core dump. Minidumps are not enabled by default on client versions of Windows
#

---------------  T H R E A D  ---------------

Current thread (0x0000000016209800):  JavaThread "C2 CompilerThread0" daemon [_thread_in_native, id=42584, stack(0x0000000016870000,0x0000000016970000)]

Stack: [0x0000000016870000,0x0000000016970000]
[error occurred during error reporting (printing stack bounds), id 0xc0000005]

Native frames: (J=compiled Java code, j=interpreted, Vv=VM code, C=native code)


Current CompileTask:
C2:    434  614       4       java.io.WinNTFileSystem::normalize (231 bytes)


---------------  P R O C E S S  ---------------

Java Threads: ( => current thread )
  0x000000001629b000 JavaThread "Service Thread" daemon [_thread_blocked, id=42588, stack(0x0000000016b70000,0x0000000016c70000)]
  0x000000001620c800 JavaThread "C1 CompilerThread2" daemon [_thread_blocked, id=42612, stack(0x0000000016a70000,0x0000000016b70000)]
  0x000000001620b800 JavaThread "C2 CompilerThread1" daemon [_thread_in_native, id=42608, stack(0x0000000016970000,0x0000000016a70000)]
=>0x0000000016209800 JavaThread "C2 CompilerThread0" daemon [_thread_in_native, id=42584, stack(0x0000000016870000,0x0000000016970000)]
  0x0000000016206000 JavaThread "Attach Listener" daemon [_thread_blocked, id=42592, stack(0x0000000016770000,0x0000000016870000)]
  0x0000000016205000 JavaThread "Signal Dispatcher" daemon [_thread_blocked, id=42596, stack(0x0000000016670000,0x0000000016770000)]
  0x0000000003118800 JavaThread "Finalizer" daemon [_thread_blocked, id=42604, stack(0x0000000016000000,0x0000000016100000)]
  0x000000001476c000 JavaThread "Reference Handler" daemon [_thread_blocked, id=13784, stack(0x0000000015f00000,0x0000000016000000)]
  0x0000000003022800 JavaThread "main" [_thread_in_vm, id=42316, stack(0x0000000002e90000,0x0000000002f90000)]

Other Threads:
  0x0000000014748000 VMThread [stack: 0x0000000015e00000,0x0000000015f00000] [id=42484]
  0x00000000162e2800 WatcherThread [stack: 0x0000000016c70000,0x0000000016d70000] [id=42580]

VM state:not at safepoint (normal execution)

VM Mutex/Monitor currently owned by a thread: None

heap address: 0x00000000e0000000, size: 512 MB, Compressed Oops mode: 32-bit
Narrow klass base: 0x0000000000000000, Narrow klass shift: 3
Compressed class space size: 1073741824 Address: 0x0000000100000000

Heap:
 PSYoungGen      total 76288K, used 17044K [0x00000000f5580000, 0x00000000faa80000, 0x0000000100000000)
  eden space 65536K, 26% used [0x00000000f5580000,0x00000000f6625180,0x00000000f9580000)
  from space 10752K, 0% used [0x00000000fa000000,0x00000000fa000000,0x00000000faa80000)
  to   space 10752K, 0% used [0x00000000f9580000,0x00000000f9580000,0x00000000fa000000)
 ParOldGen       total 175104K, used 0K [0x00000000e0000000, 0x00000000eab00000, 0x00000000f5580000)
  object space 175104K, 0% used [0x00000000e0000000,0x00000000e0000000,0x00000000eab00000)
 Metaspace       used 7691K, capacity 7936K, committed 8064K, reserved 1056768K
  class space    used 958K, capacity 1062K, committed 1152K, reserved 1048576K

Card table byte_map: [0x00000000124e0000,0x00000000125f0000] byte_map_base: 0x0000000011de0000

Marking Bits: (ParMarkBitMap*) 0x000000005200af90
 Begin Bits: [0x0000000012ca0000, 0x00000000134a0000)
 End Bits:   [0x00000000134a0000, 0x0000000013ca0000)

Polling page: 0x0000000000e50000

CodeCache: size=245760Kb used=2663Kb max_used=2663Kb free=243096Kb
 bounds [0x0000000003120000, 0x00000000033c0000, 0x0000000012120000]
 total_blobs=958 nmethods=647 adapters=224
 compilation: enabled

Compilation events (10 events):
Event: 0.430 Thread 0x000000001620c800 nmethod 645 0x00000000033b10d0 code [0x00000000033b1240, 0x00000000033b1568]
Event: 0.431 Thread 0x000000001620c800  646       3       java.lang.Package::isSealed (13 bytes)
Event: 0.431 Thread 0x000000001620c800 nmethod 646 0x00000000033b0d50 code [0x00000000033b0ea0, 0x00000000033b1050]
Event: 0.431 Thread 0x000000001620c800  647       3       java.lang.ClassLoader::compareCerts (149 bytes)
Event: 0.431 Thread 0x000000001620c800 nmethod 647 0x00000000033b6f10 code [0x00000000033b70e0, 0x00000000033b7998]
Event: 0.432 Thread 0x000000001620c800  648       3       worker.org.gradle.internal.classloader.FilteringClassLoader::classAllowed (80 bytes)
Event: 0.432 Thread 0x000000001620c800 nmethod 648 0x00000000033b7c90 code [0x00000000033b7ea0, 0x00000000033b8a18]
Event: 0.433 Thread 0x000000001620c800  649       3       java.net.URLClassLoader::isSealed (70 bytes)
Event: 0.433 Thread 0x000000001620c800 nmethod 649 0x00000000033b8ed0 code [0x00000000033b9100, 0x00000000033b9d08]
Event: 0.433 Thread 0x000000001620c800  650       3       java.util.jar.JarFile::getManifestFromReference (117 bytes)

GC Heap History (0 events):
No events

Deoptimization events (8 events):
Event: 0.313 Thread 0x0000000003022800 Uncommon trap: reason=null_check action=make_not_entrant pc=0x000000000323ad68 method=java.lang.String.equals(Ljava/lang/Object;)Z @ 8
Event: 0.336 Thread 0x0000000003022800 Uncommon trap: reason=class_check action=maybe_recompile pc=0x0000000003370c2c method=sun.misc.URLClassPath.getLoader(I)Lsun/misc/URLClassPath$Loader; @ 94
Event: 0.336 Thread 0x0000000003022800 Uncommon trap: reason=unstable_if action=reinterpret pc=0x0000000003248f30 method=java.lang.String.regionMatches(ZILjava/lang/String;II)Z @ 41
Event: 0.337 Thread 0x0000000003022800 Uncommon trap: reason=class_check action=maybe_recompile pc=0x0000000003370c2c method=sun.misc.URLClassPath.getLoader(I)Lsun/misc/URLClassPath$Loader; @ 94
Event: 0.337 Thread 0x0000000003022800 Uncommon trap: reason=class_check action=maybe_recompile pc=0x0000000003370c2c method=sun.misc.URLClassPath.getLoader(I)Lsun/misc/URLClassPath$Loader; @ 94
Event: 0.340 Thread 0x0000000003022800 Uncommon trap: reason=unstable_if action=reinterpret pc=0x000000000328b6c8 method=java.lang.String.startsWith(Ljava/lang/String;I)Z @ 25
Event: 0.341 Thread 0x0000000003022800 Uncommon trap: reason=unstable_if action=reinterpret pc=0x0000000003370dd4 method=java.util.HashMap.putVal(ILjava/lang/Object;Ljava/lang/Object;ZZ)Ljava/lang/Object; @ 181
Event: 0.381 Thread 0x0000000003022800 Uncommon trap: reason=unstable_if action=reinterpret pc=0x000000000336df74 method=java.util.HashMap.putVal(ILjava/lang/Object;Ljava/lang/Object;ZZ)Ljava/lang/Object; @ 181

Classes redefined (0 events):
No events

Internal exceptions (10 events):
Event: 0.183 Thread 0x0000000003022800 Exception <a 'java/security/PrivilegedActionException'> (0x00000000f5a43440) thrown at [C:\jenkins\workspace\8-2-build-windows-amd64-cygwin\jdk8u251\737\hotspot\src\share\vm\prims\jvm.cpp, line 1502]
Event: 0.226 Thread 0x0000000003022800 Exception <a 'java/lang/ArrayIndexOutOfBoundsException': 18> (0x00000000f5bf77b8) thrown at [C:\jenkins\workspace\8-2-build-windows-amd64-cygwin\jdk8u251\737\hotspot\src\share\vm\interpreter\interpreterRuntime.cpp, line 368]
Event: 0.226 Thread 0x0000000003022800 Exception <a 'java/lang/ArrayIndexOutOfBoundsException': 101> (0x00000000f5bf8a58) thrown at [C:\jenkins\workspace\8-2-build-windows-amd64-cygwin\jdk8u251\737\hotspot\src\share\vm\interpreter\interpreterRuntime.cpp, line 368]
Event: 0.227 Thread 0x0000000003022800 Exception <a 'java/lang/ArrayIndexOutOfBoundsException': 40> (0x00000000f5bf98e0) thrown at [C:\jenkins\workspace\8-2-build-windows-amd64-cygwin\jdk8u251\737\hotspot\src\share\vm\interpreter\interpreterRuntime.cpp, line 368]
Event: 0.274 Thread 0x0000000003022800 Exception <a 'java/lang/NoSuchFieldError': method resolution failed> (0x00000000f5e6f538) thrown at [C:\jenkins\workspace\8-2-build-windows-amd64-cygwin\jdk8u251\737\hotspot\src\share\vm\prims\methodHandles.cpp, line 1167]
Event: 0.275 Thread 0x0000000003022800 Exception <a 'java/lang/NoSuchFieldError': method resolution failed> (0x00000000f5e7c868) thrown at [C:\jenkins\workspace\8-2-build-windows-amd64-cygwin\jdk8u251\737\hotspot\src\share\vm\prims\methodHandles.cpp, line 1167]
Event: 0.313 Thread 0x0000000003022800 Implicit null exception at 0x000000000323ab95 to 0x000000000323ad59
Event: 0.325 Thread 0x0000000003022800 Exception <a 'java/lang/NoSuchMethodError': <clinit>> (0x00000000f60be848) thrown at [C:\jenkins\workspace\8-2-build-windows-amd64-cygwin\jdk8u251\737\hotspot\src\share\vm\prims\jni.cpp, line 1614]
Event: 0.326 Thread 0x0000000003022800 Exception <a 'java/lang/NoSuchMethodError': <clinit>> (0x00000000f60c88b0) thrown at [C:\jenkins\workspace\8-2-build-windows-amd64-cygwin\jdk8u251\737\hotspot\src\share\vm\prims\jni.cpp, line 1614]
Event: 0.326 Thread 0x0000000003022800 Exception <a 'java/lang/NoSuchMethodError': <clinit>> (0x00000000f60d26a8) thrown at [C:\jenkins\workspace\8-2-build-windows-amd64-cygwin\jdk8u251\737\hotspot\src\share\vm\prims\jni.cpp, line 1614]

Events (10 events):
Event: 0.432 loading class org/gradle/internal/serialize/BaseSerializerFactory$BigIntegerSerializer
Event: 0.432 loading class org/gradle/internal/serialize/BaseSerializerFactory$BigIntegerSerializer done
Event: 0.433 loading class org/gradle/internal/serialize/BaseSerializerFactory$BigDecimalSerializer
Event: 0.433 loading class org/gradle/internal/serialize/BaseSerializerFactory$BigDecimalSerializer done
Event: 0.433 loading class org/gradle/internal/serialize/BaseSerializerFactory$EnumSerializer
Event: 0.433 loading class org/gradle/internal/serialize/BaseSerializerFactory$EnumSerializer done
Event: 0.433 loading class org/gradle/internal/logging/serializer/LogEventSerializer
Event: 0.433 loading class org/gradle/internal/logging/serializer/LogEventSerializer done
Event: 0.433 loading class org/gradle/internal/logging/serializer/StyledTextOutputEventSerializer
Event: 0.433 loading class org/gradle/internal/logging/serializer/StyledTextOutputEventSerializer done


Dynamic libraries:
0x00007ff70ce40000 - 0x00007ff70ce77000 	C:\Program Files\Java\jdk1.8.0_251\bin\java.exe
0x00007ffb7b960000 - 0x00007ffb7bb69000 	C:\WINDOWS\SYSTEM32\ntdll.dll
0x00007ffb7abf0000 - 0x00007ffb7acad000 	C:\WINDOWS\System32\KERNEL32.DLL
0x00007ffb79310000 - 0x00007ffb79689000 	C:\WINDOWS\System32\KERNELBASE.dll
0x00007ffb7b870000 - 0x00007ffb7b91e000 	C:\WINDOWS\System32\ADVAPI32.dll
0x00007ffb7b420000 - 0x00007ffb7b4c3000 	C:\WINDOWS\System32\msvcrt.dll
0x00007ffb7b5c0000 - 0x00007ffb7b65e000 	C:\WINDOWS\System32\sechost.dll
0x00007ffb7b660000 - 0x00007ffb7b780000 	C:\WINDOWS\System32\RPCRT4.dll
0x00007ffb797f0000 - 0x00007ffb7999c000 	C:\WINDOWS\System32\USER32.dll
0x00007ffb79750000 - 0x00007ffb79776000 	C:\WINDOWS\System32\win32u.dll
0x00007ffb7afe0000 - 0x00007ffb7b009000 	C:\WINDOWS\System32\GDI32.dll
0x00007ffb78e40000 - 0x00007ffb78f52000 	C:\WINDOWS\System32\gdi32full.dll
0x00007ffb79270000 - 0x00007ffb7930d000 	C:\WINDOWS\System32\msvcp_win.dll
0x00007ffb78fe0000 - 0x00007ffb790f1000 	C:\WINDOWS\System32\ucrtbase.dll
0x00007ffb6aba0000 - 0x00007ffb6ae45000 	C:\WINDOWS\WinSxS\amd64_microsoft.windows.common-controls_6595b64144ccf1df_6.0.22000.120_none_9d947278b86cc467\COMCTL32.dll
0x00007ffb7b330000 - 0x00007ffb7b361000 	C:\WINDOWS\System32\IMM32.DLL
0x0000000052090000 - 0x0000000052162000 	C:\Program Files\Java\jdk1.8.0_251\jre\bin\msvcr100.dll
0x00000000517e0000 - 0x000000005208b000 	C:\Program Files\Java\jdk1.8.0_251\jre\bin\server\jvm.dll
0x00007ffb799a0000 - 0x00007ffb799a8000 	C:\WINDOWS\System32\PSAPI.DLL
0x00007ffb60110000 - 0x00007ffb60119000 	C:\WINDOWS\SYSTEM32\WSOCK32.dll
0x00007ffb73fe0000 - 0x00007ffb74013000 	C:\WINDOWS\SYSTEM32\WINMM.dll
0x00007ffb721c0000 - 0x00007ffb721ca000 	C:\WINDOWS\SYSTEM32\VERSION.dll
0x00007ffb7a790000 - 0x00007ffb7a7ff000 	C:\WINDOWS\System32\WS2_32.dll
0x00007ffb65640000 - 0x00007ffb6564f000 	C:\Program Files\Java\jdk1.8.0_251\jre\bin\verify.dll
0x00007ffb655f0000 - 0x00007ffb65619000 	C:\Program Files\Java\jdk1.8.0_251\jre\bin\java.dll
0x00007ffb64730000 - 0x00007ffb64746000 	C:\Program Files\Java\jdk1.8.0_251\jre\bin\zip.dll
0x00007ffb79fd0000 - 0x00007ffb7a788000 	C:\WINDOWS\System32\SHELL32.dll
0x00007ffb76fb0000 - 0x00007ffb77818000 	C:\WINDOWS\SYSTEM32\windows.storage.dll
0x00007ffb7a810000 - 0x00007ffb7ab89000 	C:\WINDOWS\System32\combase.dll
0x00007ffb76e40000 - 0x00007ffb76fa6000 	C:\WINDOWS\SYSTEM32\wintypes.dll
0x00007ffb7b4d0000 - 0x00007ffb7b5ba000 	C:\WINDOWS\System32\SHCORE.dll
0x00007ffb7ab90000 - 0x00007ffb7abed000 	C:\WINDOWS\System32\shlwapi.dll
0x00007ffb78d70000 - 0x00007ffb78d91000 	C:\WINDOWS\SYSTEM32\profapi.dll
0x00007ffb59cd0000 - 0x00007ffb59cea000 	C:\Program Files\Java\jdk1.8.0_251\jre\bin\net.dll
0x00007ffb78460000 - 0x00007ffb784c7000 	C:\WINDOWS\system32\mswsock.dll
0x00007ffb59410000 - 0x00007ffb59422000 	C:\Program Files\Java\jdk1.8.0_251\jre\bin\nio.dll

VM Arguments:
jvm_args: -Djava.security.manager=worker.org.gradle.process.internal.worker.child.BootstrapSecurityManager -Dorg.gradle.internal.worker.tmpdir=C:\Users\biolk\Documents\marketKurlyCloneProject\build\tmp\test\work -Dorg.gradle.native=false -Xmx512m -Dfile.encoding=UTF-8 -Duser.country=KR -Duser.language=ko -Duser.variant -ea 
java_command: worker.org.gradle.process.internal.worker.GradleWorkerMain 'Gradle Test Executor 181'
java_class_path (initial): C:\Users\biolk\.gradle\caches\7.4.1\workerMain\gradle-worker.jar
Launcher Type: SUN_STANDARD

Environment Variables:
JAVA_HOME=C:\Program Files\Zulu\zulu-8
PATH=C:\Program Files\Zulu\zulu-8\bin\;C:\Program Files\Common Files\Oracle\Java\javapath;C:\Program Files (x86)\Common Files\Oracle\Java\javapath;C:\Program Files (x86)\NAT Service;C:\Windows\system32;C:\Windows;C:\Windows\System32\Wbem;C:\Windows\System32\WindowsPowerShell\v1.0\;C:\Windows\System32\OpenSSH\;C:\Program Files (x86)\NVIDIA Corporation\PhysX\Common;C:\Program Files\NVIDIA Corporation\NVIDIA NvDLISR;C:\Program Files\Microsoft SQL Server\130\Tools\Binn\;C:\Program Files\dotnet\;C:\WINDOWS\system32;C:\WINDOWS;C:\WINDOWS\System32\Wbem;C:\WINDOWS\System32\WindowsPowerShell\v1.0\;C:\WINDOWS\System32\OpenSSH\;C:\Program Files\Java\jdk-15.0.2\bin;C:\Program Files (x86)\dotnet\;C:\Program Files\Git\cmd;C:\Program Files\nodejs\;C:\Program Files\Redis\;C:\Users\biolk\AppData\Local\Programs\Python\Python39\Scripts\;C:\Users\biolk\AppData\Local\Programs\Python\Python39\;C:\Users\biolk\AppData\Local\Programs\Python\Python38\Scripts\;C:\Users\biolk\AppData\Local\Programs\Python\Python38\;C:\Users\biolk\AppData\Local\Microsoft\WindowsApps;C:\Program Files\Bandizip\;C:\Program Files\JetBrains\IntelliJ IDEA Community Edition 2021.3.2\bin;;C:\Users\biolk\AppData\Local\Programs\Microsoft VS Code\bin;";C:\Program Files\Zulu\zulu-8\bin";C:\Users\biolk\AppData\Roaming\npm;C:\Program Files (x86)\ESTsoft\ALSee\x64
USERNAME=biolk
OS=Windows_NT
PROCESSOR_IDENTIFIER=Intel64 Family 6 Model 158 Stepping 10, GenuineIntel



---------------  S Y S T E M  ---------------

OS: Windows 10.0 , 64 bit Build 22000 (10.0.22000.708)

CPU:total 6 (initial active 6) (6 cores per cpu, 1 threads per core) family 6 model 158 stepping 10, cmov, cx8, fxsr, mmx, sse, sse2, sse3, ssse3, sse4.1, sse4.2, popcnt, avx, avx2, aes, clmul, erms, rtm, 3dnowpref, lzcnt, tsc, tscinvbit, bmi1, bmi2, adx

Memory: 4k page, physical 16709060k(2895780k free), swap 31118908k(5248k free)

vm_info: Java HotSpot(TM) 64-Bit Server VM (25.251-b08) for windows-amd64 JRE (1.8.0_251-b08), built on Mar 12 2020 06:31:49 by "" with MS VC++ 10.0 (VS2010)

time: Fri Jun 17 22:08:05 2022
timezone: 대한민국 표준시
elapsed time: 0 seconds (0d 0h 0m 0s)

